
Showing logs for build [32mcb-kubecd-environment-pr-120-67-4mf28-1[0m stage [32mfrom-build-pack[0m and container [32mstep-credential-initializer-f926p[0m
{"level":"warn","ts":1577623552.3049433,"logger":"fallback-logger","caller":"logging/config.go:69","msg":"Fetch GitHub commit ID from kodata failed: \"ref: refs/heads/master\" is not a valid GitHub commit ID"}
{"level":"info","ts":1577623552.305553,"logger":"fallback-logger","caller":"creds-init/main.go:40","msg":"Credentials initialized."}

Showing logs for build [32mcb-kubecd-environment-pr-120-67-4mf28-1[0m stage [32mfrom-build-pack[0m and container [32mstep-working-dir-initializer-479nk[0m
{"level":"warn","ts":1577623553.707772,"logger":"fallback-logger","caller":"logging/config.go:69","msg":"Fetch GitHub commit ID from kodata failed: open /var/run/ko/HEAD: no such file or directory"}
{"level":"info","ts":1577623553.709423,"logger":"fallback-logger","caller":"bash/main.go:65","msg":"Successfully executed command \"mkdir -p /workspace/source\""}

Showing logs for build [32mcb-kubecd-environment-pr-120-67-4mf28-1[0m stage [32mfrom-build-pack[0m and container [32mstep-place-tools[0m

Showing logs for build [32mcb-kubecd-environment-pr-120-67-4mf28-1[0m stage [32mfrom-build-pack[0m and container [32mstep-git-source-cb-kubecd-environment-pr-120-67-48655[0m
{"level":"warn","ts":1577623559.8695185,"logger":"fallback-logger","caller":"logging/config.go:69","msg":"Fetch GitHub commit ID from kodata failed: \"ref: refs/heads/master\" is not a valid GitHub commit ID"}
{"level":"info","ts":1577623561.0198019,"logger":"fallback-logger","caller":"git/git.go:102","msg":"Successfully cloned https://github.com/cb-kubecd/environment-pr-120-67-boot-gke-production.git @ master in path /workspace/source"}

Showing logs for build [32mcb-kubecd-environment-pr-120-67-4mf28-1[0m stage [32mfrom-build-pack[0m and container [32mstep-git-merge[0m
Using SHAs from PULL_REFS=master:af2281c1ed1dfa7d5d9ef442281476a1c432a5bd,1:dc23d39bc53df6cf31078f68a5c626c4d9882bee
DEBUG: ran git fetch --unshallow origin dc23d39bc53df6cf31078f68a5c626c4d9882bee: af2281c1ed1dfa7d5d9ef442281476a1c432a5bd: in 
DEBUG: ran git checkout master in 
DEBUG: ran git reset --hard af2281c1ed1dfa7d5d9ef442281476a1c432a5bd in 
DEBUG: ran clean --force -d . in 
DEBUG: ran git merge dc23d39bc53df6cf31078f68a5c626c4d9882bee in 
Merged SHA dc23d39bc53df6cf31078f68a5c626c4d9882bee with commit message 'chore: Promote bdd-spring-1577622696 to version 0.0.1' into base branch master

Showing logs for build [32mcb-kubecd-environment-pr-120-67-4mf28-1[0m stage [32mfrom-build-pack[0m and container [32mstep-build-helm-build[0m
WARNING: No $CHART_REPOSITORY defined so using the default value of: http://jenkins-x-chartmuseum:8080
Adding missing Helm repo: storage.googleapis.com https://storage.googleapis.com/chartmuseum.jenkins-x.io
WARNING: No secrets found on "helm/repos" due: reading the secret "helm/repos" from vault: no secret "helm/repos" not found in vault
Read credentials for https://storage.googleapis.com/chartmuseum.jenkins-x.io from vault helm/repos
Successfully added Helm repository storage.googleapis.com.
Adding missing Helm repo: jenkins-x-chartmuseum http://jenkins-x-chartmuseum:8080
WARNING: No secrets found on "helm/repos" due: reading the secret "helm/repos" from vault: no secret "helm/repos" not found in vault
Read credentials for http://jenkins-x-chartmuseum:8080 from vault helm/repos
Successfully added Helm repository jenkins-x-chartmuseum.
WARNING: No $CHART_REPOSITORY defined so using the default value of: http://jenkins-x-chartmuseum:8080
Adding missing Helm repo: chartmuseum.jenkins-x.io http://chartmuseum.jenkins-x.io
WARNING: No secrets found on "helm/repos" due: reading the secret "helm/repos" from vault: no secret "helm/repos" not found in vault
Read credentials for http://chartmuseum.jenkins-x.io from vault helm/repos
Successfully added Helm repository chartmuseum.jenkins-x.io.
